Using pre-set license
Built from '2020.3/staging' branch; Version is '2020.3.0f1 (c7b5465681fb) revision 13088070'; Using compiler version '192528614'; Build Type 'Release'
OS: 'Windows 10 Pro; OS build 19041.867; Version 2004; 64bit' Language: 'ru' Physical Memory: 16292 MB
BatchMode: 1, IsHumanControllingUs: 0, StartBugReporterOnCrash: 0, Is64bit: 1, IsPro: 0

 COMMAND LINE ARGUMENTS:
D:\Unity\2020.3.0f1\Editor\Unity.exe
-adb2
-batchMode
-noUpm
-name
AssetImportWorker0
-projectPath
D:/UnityProjects/AvalancheRun
-logFile
Logs/AssetImportWorker0.log
-srvPort
64024
Successfully changed project path to: D:/UnityProjects/AvalancheRun
D:/UnityProjects/AvalancheRun
Using Asset Import Pipeline V2.
Refreshing native plugins compatible for Editor in 42.23 ms, found 3 plugins.
Preloading 0 native plugins for Editor in 0.00 ms.
Initialize engine version: 2020.3.0f1 (c7b5465681fb)
[Subsystems] Discovering subsystems at path D:/Unity/2020.3.0f1/Editor/Data/Resources/UnitySubsystems
[Subsystems] Discovering subsystems at path D:/UnityProjects/AvalancheRun/Assets
GfxDevice: creating device client; threaded=0
Direct3D:
    Version:  Direct3D 11.0 [level 11.1]
    Renderer: NVIDIA GeForce GTX 1660 SUPER (ID=0x21c4)
    Vendor:   
    VRAM:     5991 MB
    Driver:   27.21.14.5671
Initialize mono
Mono path[0] = 'D:/Unity/2020.3.0f1/Editor/Data/Managed'
Mono path[1] = 'D:/Unity/2020.3.0f1/Editor/Data/MonoBleedingEdge/lib/mono/unityjit'
Mono config path = 'D:/Unity/2020.3.0f1/Editor/Data/MonoBleedingEdge/etc'
Using monoOptions --debugger-agent=transport=dt_socket,embedding=1,server=y,suspend=n,address=127.0.0.1:56788
Begin MonoManager ReloadAssembly
Registering precompiled unity dll's ...
Register platform support module: D:/Unity/2020.3.0f1/Editor/Data/PlaybackEngines/WindowsStandaloneSupport/UnityEditor.WindowsStandalone.Extensions.dll
Registered in 0.000956 seconds.
Native extension for WindowsStandalone target not found
Refreshing native plugins compatible for Editor in 38.70 ms, found 3 plugins.
Preloading 0 native plugins for Editor in 0.00 ms.
Invoked RoslynAnalysisRunner static constructor.
RoslynAnalysisRunner will not be running.
RoslynAnalysisRunner has terminated.
Mono: successfully reloaded assembly
- Completed reload, in  2.066 seconds
Platform modules already initialized, skipping
Registering precompiled user dll's ...
Registered in 0.002581 seconds.
Begin MonoManager ReloadAssembly
Native extension for WindowsStandalone target not found
Refreshing native plugins compatible for Editor in 48.96 ms, found 3 plugins.
Preloading 0 native plugins for Editor in 0.00 ms.
Invoked RoslynAnalysisRunner static constructor.
RoslynAnalysisRunner will not be running.
RoslynAnalysisRunner has terminated.
Mono: successfully reloaded assembly
- Completed reload, in  0.812 seconds
Platform modules already initialized, skipping
========================================================================
Worker process is ready to serve import requests
Launched and connected shader compiler UnityShaderCompiler.exe after 0.04 seconds
Refreshing native plugins compatible for Editor in 0.57 ms, found 3 plugins.
Preloading 0 native plugins for Editor in 0.00 ms.
Unloading 2452 Unused Serialized files (Serialized files now loaded: 0)
System memory in use before: 99.4 MB.
System memory in use after: 99.6 MB.

Unloading 34 unused Assets to reduce memory usage. Loaded Objects now: 2874.
Total: 2.137100 ms (FindLiveObjects: 0.244800 ms CreateObjectMapping: 0.063800 ms MarkObjects: 1.754000 ms  DeleteObjects: 0.073500 ms)

========================================================================
Received Import Request.
  path: Assets/Rewources
  artifactKey: Guid(467168ee5f2183246b5baa7c5d4355be) Importer(815301076,1909f56bfc062723c751e8b465ee728b)
Start importing Assets/Rewources using Guid(467168ee5f2183246b5baa7c5d4355be) Importer(815301076,1909f56bfc062723c751e8b465ee728b)  -> (artifact id: '3555b144b5652ecafdae9edc13d6d69e') in 0.007048 seconds
  Import took 0.011159 seconds .

========================================================================
Received Import Request.
  Time since last request: 13.682291 seconds.
  path: Assets/Resources
  artifactKey: Guid(467168ee5f2183246b5baa7c5d4355be) Importer(815301076,1909f56bfc062723c751e8b465ee728b)
Start importing Assets/Resources using Guid(467168ee5f2183246b5baa7c5d4355be) Importer(815301076,1909f56bfc062723c751e8b465ee728b)  -> (artifact id: '04abf6b562ae44fe9b91551e877736fa') in 0.004836 seconds
  Import took 0.008512 seconds .

========================================================================
Received Import Request.
  Time since last request: 0.000642 seconds.
  path: Assets/Resources
  artifactKey: Guid(467168ee5f2183246b5baa7c5d4355be) Importer(815301076,1909f56bfc062723c751e8b465ee728b)
Start importing Assets/Resources using Guid(467168ee5f2183246b5baa7c5d4355be) Importer(815301076,1909f56bfc062723c751e8b465ee728b)  -> (artifact id: '04abf6b562ae44fe9b91551e877736fa') in 0.001525 seconds
  Import took 0.004413 seconds .

========================================================================
Received Import Request.
  Time since last request: 7.951997 seconds.
  path: Assets/Prefabs/UI/UI.prefab
  artifactKey: Guid(52fc7d9ea5c4a1f4eb72016cb9b67e08) Importer(815301076,1909f56bfc062723c751e8b465ee728b)
Start importing Assets/Prefabs/UI/UI.prefab using Guid(52fc7d9ea5c4a1f4eb72016cb9b67e08) Importer(815301076,1909f56bfc062723c751e8b465ee728b)  -> (artifact id: 'e585663ab00c4c23706c4640db46ae7d') in 0.131976 seconds
  Import took 0.136858 seconds .

========================================================================
Received Import Request.
  Time since last request: 12.354014 seconds.
  path: Assets/Materials/Sytge_start_albedo 3.png
  artifactKey: Guid(53e9c4ce94e60df41872701b0bce7e9f) Importer(815301076,1909f56bfc062723c751e8b465ee728b)
Start importing Assets/Materials/Sytge_start_albedo 3.png using Guid(53e9c4ce94e60df41872701b0bce7e9f) Importer(815301076,1909f56bfc062723c751e8b465ee728b)  -> (artifact id: 'ac7181b4a82d4be7279bf3cfea2cbca7') in 0.072712 seconds
  Import took 0.076341 seconds .

========================================================================
Received Import Request.
  Time since last request: 0.000162 seconds.
  path: Assets/Materials/Sytge_start_albedo.png
  artifactKey: Guid(792b345ddbad0c949adfe29ab6ee0b78) Importer(815301076,1909f56bfc062723c751e8b465ee728b)
Start importing Assets/Materials/Sytge_start_albedo.png using Guid(792b345ddbad0c949adfe29ab6ee0b78) Importer(815301076,1909f56bfc062723c751e8b465ee728b)  -> (artifact id: '554f15447212786251b03d216e7eaa2e') in 0.047279 seconds
  Import took 0.050860 seconds .

========================================================================
Received Import Request.
  Time since last request: 0.000186 seconds.
  path: Assets/Materials/Sytge_start_albedo 3.png
  artifactKey: Guid(53e9c4ce94e60df41872701b0bce7e9f) Importer(815301076,1909f56bfc062723c751e8b465ee728b)
Start importing Assets/Materials/Sytge_start_albedo 3.png using Guid(53e9c4ce94e60df41872701b0bce7e9f) Importer(815301076,1909f56bfc062723c751e8b465ee728b)  -> (artifact id: 'ac7181b4a82d4be7279bf3cfea2cbca7') in 0.007202 seconds
  Import took 0.010787 seconds .

========================================================================
Received Import Request.
  Time since last request: 0.000172 seconds.
  path: Assets/Materials/Sytge_start_albedo.png
  artifactKey: Guid(792b345ddbad0c949adfe29ab6ee0b78) Importer(815301076,1909f56bfc062723c751e8b465ee728b)
Start importing Assets/Materials/Sytge_start_albedo.png using Guid(792b345ddbad0c949adfe29ab6ee0b78) Importer(815301076,1909f56bfc062723c751e8b465ee728b)  -> (artifact id: '554f15447212786251b03d216e7eaa2e') in 0.007186 seconds
  Import took 0.010501 seconds .

========================================================================
Received Import Request.
  Time since last request: 8.164101 seconds.
  path: Assets/Editor
  artifactKey: Guid(9a2df797eb7ea8e44843144af9429b99) Importer(815301076,1909f56bfc062723c751e8b465ee728b)
Start importing Assets/Editor using Guid(9a2df797eb7ea8e44843144af9429b99) Importer(815301076,1909f56bfc062723c751e8b465ee728b)  -> (artifact id: '6c5ff618d1c7ed1b0dc2e52cb15294e4') in 0.004820 seconds
  Import took 0.009516 seconds .

========================================================================
Received Import Request.
  Time since last request: 12.807530 seconds.
  path: Assets/Resources/UIPrefabs
  artifactKey: Guid(4834429535fb4ea4fa3b89b096983da2) Importer(815301076,1909f56bfc062723c751e8b465ee728b)
Start importing Assets/Resources/UIPrefabs using Guid(4834429535fb4ea4fa3b89b096983da2) Importer(815301076,1909f56bfc062723c751e8b465ee728b)  -> (artifact id: '2d6902c918f9e66959a060ee57b66812') in 0.004729 seconds
  Import took 0.009017 seconds .

========================================================================
Received Import Request.
  Time since last request: 11.826885 seconds.
  path: Assets/Scripts/EventSystem
  artifactKey: Guid(da0f02e71dc768942a2c8aea0b7fff2f) Importer(815301076,1909f56bfc062723c751e8b465ee728b)
Start importing Assets/Scripts/EventSystem using Guid(da0f02e71dc768942a2c8aea0b7fff2f) Importer(815301076,1909f56bfc062723c751e8b465ee728b)  -> (artifact id: '09882c3a3b65290fd082da8fb1318e13') in 0.004889 seconds
  Import took 0.008427 seconds .

========================================================================
Received Import Request.
  Time since last request: 2.837944 seconds.
  path: Assets/Scripts/Animation
  artifactKey: Guid(453b3f176e041e146bd4bf03723c0d95) Importer(815301076,1909f56bfc062723c751e8b465ee728b)
Start importing Assets/Scripts/Animation using Guid(453b3f176e041e146bd4bf03723c0d95) Importer(815301076,1909f56bfc062723c751e8b465ee728b)  -> (artifact id: 'ae95543a976efc7d01ca24106b542a11') in 0.004685 seconds
  Import took 0.008885 seconds .

========================================================================
Received Import Request.
  Time since last request: 2.979422 seconds.
  path: Assets/Scripts/Controllers/UIController.cs
  artifactKey: Guid(01e8f86020effc14e852fc883226b72b) Importer(815301076,1909f56bfc062723c751e8b465ee728b)
Start importing Assets/Scripts/Controllers/UIController.cs using Guid(01e8f86020effc14e852fc883226b72b) Importer(815301076,1909f56bfc062723c751e8b465ee728b)  -> (artifact id: 'd57ab7bee997895c250c81258209bb58') in 0.048910 seconds
  Import took 0.052942 seconds .

========================================================================
Received Prepare
Registering precompiled user dll's ...
Registered in 0.002543 seconds.
Begin MonoManager ReloadAssembly
Native extension for WindowsStandalone target not found
Refreshing native plugins compatible for Editor in 0.59 ms, found 3 plugins.
Preloading 0 native plugins for Editor in 0.00 ms.
Invoked RoslynAnalysisRunner static constructor.
RoslynAnalysisRunner will not be running.
RoslynAnalysisRunner has terminated.
Mono: successfully reloaded assembly
- Completed reload, in  0.744 seconds
Platform modules already initialized, skipping
Switching build target platform(5) subTarget(0) extendedPlatform(0) -> platform(13) subTarget(537395200) extendedPlatform(0)
Refreshing native plugins compatible for Editor in 0.64 ms, found 3 plugins.
Preloading 0 native plugins for Editor in 0.00 ms.
Unloading 2421 Unused Serialized files (Serialized files now loaded: 0)
System memory in use before: 96.9 MB.
System memory in use after: 97.1 MB.

Unloading 30 unused Assets to reduce memory usage. Loaded Objects now: 2879.
Total: 1.715100 ms (FindLiveObjects: 0.232800 ms CreateObjectMapping: 0.058700 ms MarkObjects: 1.403600 ms  DeleteObjects: 0.019100 ms)

AssetImportParameters requested are different than current active one (requested -> active):
  custom:graphics/normal-map-encoding: 01000000000000000000000000000000 -> 02000000000000000000000000000000
========================================================================
Received Prepare
Registering precompiled user dll's ...
Registered in 0.002512 seconds.
Begin MonoManager ReloadAssembly
Native extension for WindowsStandalone target not found
Refreshing native plugins compatible for Editor in 0.59 ms, found 3 plugins.
Preloading 0 native plugins for Editor in 0.00 ms.
Invoked RoslynAnalysisRunner static constructor.
RoslynAnalysisRunner will not be running.
RoslynAnalysisRunner has terminated.
Mono: successfully reloaded assembly
- Completed reload, in  0.708 seconds
Platform modules already initialized, skipping
Switching build target platform(5) subTarget(0) extendedPlatform(0) -> platform(13) subTarget(537395200) extendedPlatform(0)
Refreshing native plugins compatible for Editor in 0.63 ms, found 3 plugins.
Preloading 0 native plugins for Editor in 0.00 ms.
Unloading 2421 Unused Serialized files (Serialized files now loaded: 0)
System memory in use before: 96.9 MB.
System memory in use after: 97.1 MB.

Unloading 29 unused Assets to reduce memory usage. Loaded Objects now: 2882.
Total: 1.934800 ms (FindLiveObjects: 0.258600 ms CreateObjectMapping: 0.058100 ms MarkObjects: 1.592000 ms  DeleteObjects: 0.025200 ms)

AssetImportParameters requested are different than current active one (requested -> active):
  custom:graphics/normal-map-encoding: 01000000000000000000000000000000 -> 02000000000000000000000000000000
========================================================================
Received Prepare
Registering precompiled user dll's ...
Registered in 0.002640 seconds.
Begin MonoManager ReloadAssembly
Native extension for WindowsStandalone target not found
Refreshing native plugins compatible for Editor in 0.58 ms, found 3 plugins.
Preloading 0 native plugins for Editor in 0.00 ms.
Invoked RoslynAnalysisRunner static constructor.
RoslynAnalysisRunner will not be running.
RoslynAnalysisRunner has terminated.
Mono: successfully reloaded assembly
- Completed reload, in  0.714 seconds
Platform modules already initialized, skipping
Switching build target platform(5) subTarget(0) extendedPlatform(0) -> platform(13) subTarget(537395200) extendedPlatform(0)
Refreshing native plugins compatible for Editor in 0.62 ms, found 3 plugins.
Preloading 0 native plugins for Editor in 0.00 ms.
Unloading 2421 Unused Serialized files (Serialized files now loaded: 0)
System memory in use before: 96.9 MB.
System memory in use after: 97.1 MB.

Unloading 29 unused Assets to reduce memory usage. Loaded Objects now: 2885.
Total: 1.934100 ms (FindLiveObjects: 0.258600 ms CreateObjectMapping: 0.061500 ms MarkObjects: 1.596100 ms  DeleteObjects: 0.017100 ms)

AssetImportParameters requested are different than current active one (requested -> active):
  custom:graphics/normal-map-encoding: 01000000000000000000000000000000 -> 02000000000000000000000000000000
